2026-07-05 00:02:48 - Resolving eureka endpoints via configuration
2026-07-05 00:04:34 - API HIT: Fetching goals for user: samirzade@gmail.com
2026-07-05 00:04:34 - API HIT: Getting all journals for user: samirzade@gmail.com
2026-07-05 00:04:34 - Fetching goals for user: samirzade@gmail.com with statusFilter: null
2026-07-05 00:04:34 - Fetching journals for user: samirzade@gmail.com with role: ROLE_USER
2026-07-05 00:04:34 - User access - fetching own journals only
2026-07-05 00:04:34 - API HIT: Fetching goals for user: samirzade@gmail.com
2026-07-05 00:04:34 - Fetching goals for user: samirzade@gmail.com with statusFilter: null
2026-07-05 00:04:34 - API HIT: Getting all journals for user: samirzade@gmail.com
2026-07-05 00:04:34 - Fetching journals for user: samirzade@gmail.com with role: ROLE_USER
2026-07-05 00:04:34 - User access - fetching own journals only
2026-07-05 00:04:34 - API HIT: Fetching goals for user: samirzade@gmail.com
2026-07-05 00:04:34 - Fetching goals for user: samirzade@gmail.com with statusFilter: null
2026-07-05 00:04:34 - API HIT: Fetching goals for user: samirzade@gmail.com
2026-07-05 00:04:34 - Fetching goals for user: samirzade@gmail.com with statusFilter: null
2026-07-05 00:04:40 - API HIT: Fetching goals for user: samirzade@gmail.com
2026-07-05 00:04:40 - API HIT: Getting all journals for user: samirzade@gmail.com
2026-07-05 00:04:40 - Fetching goals for user: samirzade@gmail.com with statusFilter: null
2026-07-05 00:04:40 - Fetching journals for user: samirzade@gmail.com with role: ROLE_USER
2026-07-05 00:04:40 - User access - fetching own journals only
2026-07-05 00:04:40 - API HIT: Fetching goals for user: samirzade@gmail.com
2026-07-05 00:04:40 - Fetching goals for user: samirzade@gmail.com with statusFilter: null
2026-07-05 00:04:40 - API HIT: Getting all journals for user: samirzade@gmail.com
2026-07-05 00:04:40 - Fetching journals for user: samirzade@gmail.com with role: ROLE_USER
2026-07-05 00:04:40 - User access - fetching own journals only
2026-07-05 00:04:40 - API HIT: Fetching goals for user: samirzade@gmail.com
2026-07-05 00:04:40 - Fetching goals for user: samirzade@gmail.com with statusFilter: null
2026-07-05 00:04:40 - API HIT: Fetching goals for user: samirzade@gmail.com
2026-07-05 00:04:40 - Fetching goals for user: samirzade@gmail.com with statusFilter: null
2026-07-05 00:04:43 - API HIT: Fetching goals for user: samirzade@gmail.com
2026-07-05 00:04:43 - Fetching goals for user: samirzade@gmail.com with statusFilter: null
2026-07-05 00:04:43 - API HIT: Fetching goals for user: samirzade@gmail.com
2026-07-05 00:04:43 - Fetching goals for user: samirzade@gmail.com with statusFilter: null
2026-07-05 00:04:46 - API HIT: Getting reflection summary for user: samirzade@gmail.com with range: 7d (or custom dates: null to null)
2026-07-05 00:04:46 - Fetching reflection summary for user: samirzade@gmail.com with range: 7d, startDate: null, endDate: null
2026-07-05 00:04:46 - API HIT: Getting reflection summary for user: samirzade@gmail.com with range: 7d (or custom dates: null to null)
2026-07-05 00:04:46 - Fetching reflection summary for user: samirzade@gmail.com with range: 7d, startDate: null, endDate: null
2026-07-05 00:04:50 - API HIT: Getting journal streak for user: samirzade@gmail.com
2026-07-05 00:04:50 - API HIT: Getting journal stats for user: samirzade@gmail.com with range: 30d
2026-07-05 00:04:50 - Fetching journal stats for user: samirzade@gmail.com with range: 30d
2026-07-05 00:04:50 - Calculating journal streak for user: samirzade@gmail.com
2026-07-05 00:04:50 - API HIT: Getting journal stats for user: samirzade@gmail.com with range: 30d
2026-07-05 00:04:50 - API HIT: Getting journal streak for user: samirzade@gmail.com
2026-07-05 00:04:50 - Calculating journal streak for user: samirzade@gmail.com
2026-07-05 00:04:50 - Fetching journal stats for user: samirzade@gmail.com with range: 30d
2026-07-05 00:05:02 - API HIT: Getting journal streak for user: samirzade@gmail.com
2026-07-05 00:05:02 - Calculating journal streak for user: samirzade@gmail.com
2026-07-05 00:05:02 - API HIT: Getting journal stats for user: samirzade@gmail.com with range: 30d
2026-07-05 00:05:02 - Fetching journal stats for user: samirzade@gmail.com with range: 30d
2026-07-05 00:05:02 - API HIT: Getting journal streak for user: samirzade@gmail.com
2026-07-05 00:05:02 - Calculating journal streak for user: samirzade@gmail.com
2026-07-05 00:05:02 - API HIT: Getting journal stats for user: samirzade@gmail.com with range: 30d
2026-07-05 00:05:02 - Fetching journal stats for user: samirzade@gmail.com with range: 30d
2026-07-05 00:06:06 - API HIT: Getting journal streak for user: samirzade@gmail.com
2026-07-05 00:06:06 - Calculating journal streak for user: samirzade@gmail.com
2026-07-05 00:06:06 - API HIT: Getting journal stats for user: samirzade@gmail.com with range: 30d
2026-07-05 00:06:06 - Fetching journal stats for user: samirzade@gmail.com with range: 30d
2026-07-05 00:06:11 - journalDB - Thread starvation or clock leap detected (housekeeper delta=1m23s343ms).
2026-07-05 00:06:19 - API HIT: Getting journal streak for user: samirzade@gmail.com
2026-07-05 00:06:19 - API HIT: Getting journal stats for user: samirzade@gmail.com with range: 30d
2026-07-05 00:06:19 - Fetching journal stats for user: samirzade@gmail.com with range: 30d
2026-07-05 00:06:19 - Calculating journal streak for user: samirzade@gmail.com
2026-07-05 00:06:19 - API HIT: Getting journal stats for user: samirzade@gmail.com with range: 30d
2026-07-05 00:06:19 - Fetching journal stats for user: samirzade@gmail.com with range: 30d
2026-07-05 00:06:19 - API HIT: Getting journal streak for user: samirzade@gmail.com
2026-07-05 00:06:19 - Calculating journal streak for user: samirzade@gmail.com
